2018-11-26T05:35:56.341Z - normal: Load ~/.CocosCreator/settings.json
2018-11-26T05:35:56.349Z - normal: checking language setting...
2018-11-26T05:35:56.350Z - normal: Language: zh
2018-11-26T05:35:57.550Z - success: protocol editor-framework registered
2018-11-26T05:35:57.550Z - success: protocol app registered
2018-11-26T05:35:57.551Z - success: protocol theme registered
2018-11-26T05:35:57.552Z - success: protocol packages registered
2018-11-26T05:35:57.552Z - success: protocol unpack registerred
2018-11-26T05:35:57.552Z - success: protocol disable-commonjs registerred
2018-11-26T05:35:57.718Z - normal: connected!
2018-11-26T05:35:57.725Z - normal: Check project /Users/calvin/Desktop/Emm/exercise
2018-11-26T05:35:57.732Z - normal: Initializing project /Users/calvin/Desktop/Emm/exercise
2018-11-26T05:35:57.738Z - normal: Initializing Cocos2d
2018-11-26T05:35:59.169Z - normal: Initializing Asset Database
2018-11-26T05:35:59.262Z - success: protocol uuid registerred
2018-11-26T05:35:59.262Z - success: protocol db registerred
2018-11-26T05:35:59.262Z - success: protocol thumbnail registerred
2018-11-26T05:35:59.263Z - normal: Loading editor/builtin packages
2018-11-26T05:35:59.551Z - success: assets loaded
2018-11-26T05:35:59.561Z - success: builder loaded
2018-11-26T05:35:59.564Z - success: cocos-analytics loaded
2018-11-26T05:35:59.576Z - success: console loaded
2018-11-26T05:35:59.682Z - success: fb-instant-games loaded
2018-11-26T05:35:59.695Z - success: google-instant-games loaded
2018-11-26T05:35:59.715Z - success: hierarchy loaded
2018-11-26T05:35:59.726Z - success: inspector loaded
2018-11-26T05:35:59.730Z - success: keystore loaded
2018-11-26T05:35:59.745Z - success: node-library loaded
2018-11-26T05:35:59.750Z - success: package-asset loaded
2018-11-26T05:35:59.753Z - success: preferences loaded
2018-11-26T05:35:59.763Z - success: project-exporter loaded
2018-11-26T05:35:59.819Z - success: project-importer loaded
2018-11-26T05:35:59.828Z - success: project-settings loaded
2018-11-26T05:35:59.841Z - success: ui-kit loaded
2018-11-26T05:35:59.849Z - success: scene loaded
2018-11-26T05:35:59.852Z - success: sprite-editor loaded
2018-11-26T05:35:59.864Z - success: store loaded
2018-11-26T05:35:59.882Z - success: timeline loaded
2018-11-26T05:35:59.883Z - normal: Loading builtin packages
2018-11-26T05:35:59.908Z - success: asset-db-debugger loaded
2018-11-26T05:35:59.910Z - success: color-picker loaded
2018-11-26T05:36:00.170Z - success: google-play-instant loaded
2018-11-26T05:36:00.175Z - success: jsb-adapter loaded
2018-11-26T05:36:00.185Z - success: oppo-runtime loaded
2018-11-26T05:36:00.200Z - success: package-manager loaded
2018-11-26T05:36:00.451Z - success: qqplay-adapter loaded
2018-11-26T05:36:00.466Z - success: sdkbox loaded
2018-11-26T05:36:00.478Z - success: tester loaded
2018-11-26T05:36:00.492Z - success: ui-grid loaded
2018-11-26T05:36:00.500Z - success: ui-kit-preview-extra loaded
2018-11-26T05:36:00.510Z - success: ui-kit-preview loaded
2018-11-26T05:36:00.515Z - success: ui-tree loaded
2018-11-26T05:36:00.519Z - success: vivo-runtime loaded
2018-11-26T05:36:00.520Z - success: weapp-adapter loaded
2018-11-26T05:36:02.548Z - normal: Loading packages
2018-11-26T05:36:02.561Z - normal: Watching packages
2018-11-26T05:36:02.796Z - normal: Run Application
2018-11-26T05:36:03.800Z - success: preview server running at http://localhost:7456
2018-11-26T05:36:18.739Z - warn: The Asset used by node "Main Camera" in scene "Loading.fire" is missing. Detailed information:
Node path: "LoadingCanvas/Main Camera"
Asset url: "db://assets/Loading.fire"
Missing uuid: "dab0058a-4242-4dd0-bf95-e0f5401cfe13"

2018-11-26T05:36:18.742Z - warn: The Asset used by node "bar" in scene "Loading.fire" is missing. Detailed information:
Node path: "LoadingCanvas/Loading/LoadingBar/bar"
Asset url: "db://assets/Loading.fire"
Missing uuid: "dab0058a-4242-4dd0-bf95-e0f5401cfe13"

2018-11-26T05:36:18.744Z - warn: The Asset used by node "LoadingBar" in scene "Loading.fire" is missing. Detailed information:
Node path: "LoadingCanvas/Loading/LoadingBar"
Asset url: "db://assets/Loading.fire"
Missing uuid: "dab0058a-4242-4dd0-bf95-e0f5401cfe13"

2018-11-26T05:36:18.745Z - warn: The Asset used by node "Words" in scene "Loading.fire" is missing. Detailed information:
Node path: "LoadingCanvas/Loading/Words"
Asset url: "db://assets/Loading.fire"
Missing uuid: "dab0058a-4242-4dd0-bf95-e0f5401cfe13"

2018-11-26T05:36:18.746Z - warn: The Asset used by node "Loading" in scene "Loading.fire" is missing. Detailed information:
Node path: "LoadingCanvas/Loading"
Asset url: "db://assets/Loading.fire"
Missing uuid: "dab0058a-4242-4dd0-bf95-e0f5401cfe13"

2018-11-26T05:36:18.746Z - warn: The Asset used by node "LoadingCanvas" in scene "Loading.fire" is missing. Detailed information:
Node path: "LoadingCanvas"
Asset url: "db://assets/Loading.fire"
Missing uuid: "dab0058a-4242-4dd0-bf95-e0f5401cfe13"

2018-11-26T05:36:26.067Z - warn: The Asset used by node "Main Camera" in scene "Loading.fire" is missing. Detailed information:
Node path: "LoadingCanvas/Main Camera"
Asset url: "db://assets/Loading.fire"
Missing uuid: "dab0058a-4242-4dd0-bf95-e0f5401cfe13"

2018-11-26T05:36:26.068Z - warn: The Asset used by node "bar" in scene "Loading.fire" is missing. Detailed information:
Node path: "LoadingCanvas/Loading/LoadingBar/bar"
Asset url: "db://assets/Loading.fire"
Missing uuid: "dab0058a-4242-4dd0-bf95-e0f5401cfe13"

2018-11-26T05:36:26.070Z - warn: The Asset used by node "LoadingBar" in scene "Loading.fire" is missing. Detailed information:
Node path: "LoadingCanvas/Loading/LoadingBar"
Asset url: "db://assets/Loading.fire"
Missing uuid: "dab0058a-4242-4dd0-bf95-e0f5401cfe13"

2018-11-26T05:36:26.082Z - warn: The Asset used by node "Words" in scene "Loading.fire" is missing. Detailed information:
Node path: "LoadingCanvas/Loading/Words"
Asset url: "db://assets/Loading.fire"
Missing uuid: "dab0058a-4242-4dd0-bf95-e0f5401cfe13"

2018-11-26T05:36:26.097Z - warn: The Asset used by node "Loading" in scene "Loading.fire" is missing. Detailed information:
Node path: "LoadingCanvas/Loading"
Asset url: "db://assets/Loading.fire"
Missing uuid: "dab0058a-4242-4dd0-bf95-e0f5401cfe13"

2018-11-26T05:36:26.098Z - warn: The Asset used by node "LoadingCanvas" in scene "Loading.fire" is missing. Detailed information:
Node path: "LoadingCanvas"
Asset url: "db://assets/Loading.fire"
Missing uuid: "dab0058a-4242-4dd0-bf95-e0f5401cfe13"

2018-11-26T05:37:13.062Z - warn: The Asset used by node "Main Camera" in scene "Loading.fire" is missing. Detailed information:
Node path: "LoadingCanvas/Main Camera"
Asset url: "db://assets/Loading.fire"
Missing uuid: "dab0058a-4242-4dd0-bf95-e0f5401cfe13"

2018-11-26T05:37:13.063Z - warn: The Asset used by node "bar" in scene "Loading.fire" is missing. Detailed information:
Node path: "LoadingCanvas/Loading/LoadingBar/bar"
Asset url: "db://assets/Loading.fire"
Missing uuid: "dab0058a-4242-4dd0-bf95-e0f5401cfe13"

2018-11-26T05:37:13.064Z - warn: The Asset used by node "LoadingBar" in scene "Loading.fire" is missing. Detailed information:
Node path: "LoadingCanvas/Loading/LoadingBar"
Asset url: "db://assets/Loading.fire"
Missing uuid: "dab0058a-4242-4dd0-bf95-e0f5401cfe13"

2018-11-26T05:37:13.066Z - warn: The Asset used by node "Words" in scene "Loading.fire" is missing. Detailed information:
Node path: "LoadingCanvas/Loading/Words"
Asset url: "db://assets/Loading.fire"
Missing uuid: "dab0058a-4242-4dd0-bf95-e0f5401cfe13"

2018-11-26T05:37:13.067Z - warn: The Asset used by node "Loading" in scene "Loading.fire" is missing. Detailed information:
Node path: "LoadingCanvas/Loading"
Asset url: "db://assets/Loading.fire"
Missing uuid: "dab0058a-4242-4dd0-bf95-e0f5401cfe13"

2018-11-26T05:37:13.067Z - warn: The Asset used by node "LoadingCanvas" in scene "Loading.fire" is missing. Detailed information:
Node path: "LoadingCanvas"
Asset url: "db://assets/Loading.fire"
Missing uuid: "dab0058a-4242-4dd0-bf95-e0f5401cfe13"

2018-11-26T05:37:57.653Z - info: Path: LoadingCanvas/Main Camera, UUID: c5Joug9ONA85ko1pJAxRbH
2018-11-26T05:40:41.417Z - error: Please define 'type' parameter of Player.player as the constructor of [object Object].
    at Object.cc.errorID (/Applications/CocosCreator.app/Contents/Resources/engine/bin/.cache/dev/cocos2d/core/CCDebug.js:167:16)
    at parseAttributes (/Applications/CocosCreator.app/Contents/Resources/engine/bin/.cache/dev/cocos2d/core/platform/CCClass.js:791:36)
    at defineProp (/Applications/CocosCreator.app/Contents/Resources/engine/bin/.cache/dev/cocos2d/core/platform/CCClass.js:128:25)
    at declareProperties (/Applications/CocosCreator.app/Contents/Resources/engine/bin/.cache/dev/cocos2d/core/platform/CCClass.js:646:25)
    at Object.CCClass [as Class] (/Applications/CocosCreator.app/Contents/Resources/engine/bin/.cache/dev/cocos2d/core/platform/CCClass.js:685:17)
    at __define (/Users/calvin/Desktop/Emm/exercise/temp/quick-scripts/assets/scripts/Player.js:8:4)
    at /Users/calvin/Desktop/Emm/exercise/temp/quick-scripts/assets/scripts/Player.js:31:13
    at Object.<anonymous> (/Users/calvin/Desktop/Emm/exercise/temp/quick-scripts/assets/scripts/Player.js:38:11)
    at Object.<anonymous> (/Users/calvin/Desktop/Emm/exercise/temp/quick-scripts/assets/scripts/Player.js:41:3)
2018-11-26T05:41:55.727Z - error: Please define 'type' parameter of Player.wangxiaozhang as the constructor of [object Object].
    at Object.cc.errorID (/Applications/CocosCreator.app/Contents/Resources/engine/bin/.cache/dev/cocos2d/core/CCDebug.js:167:16)
    at parseAttributes (/Applications/CocosCreator.app/Contents/Resources/engine/bin/.cache/dev/cocos2d/core/platform/CCClass.js:791:36)
    at defineProp (/Applications/CocosCreator.app/Contents/Resources/engine/bin/.cache/dev/cocos2d/core/platform/CCClass.js:128:25)
    at declareProperties (/Applications/CocosCreator.app/Contents/Resources/engine/bin/.cache/dev/cocos2d/core/platform/CCClass.js:646:25)
    at Object.CCClass [as Class] (/Applications/CocosCreator.app/Contents/Resources/engine/bin/.cache/dev/cocos2d/core/platform/CCClass.js:685:17)
    at __define (/Users/calvin/Desktop/Emm/exercise/temp/quick-scripts/assets/scripts/Player.js:8:4)
    at /Users/calvin/Desktop/Emm/exercise/temp/quick-scripts/assets/scripts/Player.js:31:13
    at Object.<anonymous> (/Users/calvin/Desktop/Emm/exercise/temp/quick-scripts/assets/scripts/Player.js:38:11)
    at Object.<anonymous> (/Users/calvin/Desktop/Emm/exercise/temp/quick-scripts/assets/scripts/Player.js:41:3)
2018-11-26T05:42:24.059Z - error: Please define 'type' parameter of Player.wangxiaozhang as the constructor of [object Object].
    at Object.cc.errorID (/Applications/CocosCreator.app/Contents/Resources/engine/bin/.cache/dev/cocos2d/core/CCDebug.js:167:16)
    at parseAttributes (/Applications/CocosCreator.app/Contents/Resources/engine/bin/.cache/dev/cocos2d/core/platform/CCClass.js:791:36)
    at defineProp (/Applications/CocosCreator.app/Contents/Resources/engine/bin/.cache/dev/cocos2d/core/platform/CCClass.js:128:25)
    at declareProperties (/Applications/CocosCreator.app/Contents/Resources/engine/bin/.cache/dev/cocos2d/core/platform/CCClass.js:646:25)
    at Object.CCClass [as Class] (/Applications/CocosCreator.app/Contents/Resources/engine/bin/.cache/dev/cocos2d/core/platform/CCClass.js:685:17)
    at __define (/Users/calvin/Desktop/Emm/exercise/temp/quick-scripts/assets/scripts/Player.js:8:4)
    at /Users/calvin/Desktop/Emm/exercise/temp/quick-scripts/assets/scripts/Player.js:31:13
    at Object.<anonymous> (/Users/calvin/Desktop/Emm/exercise/temp/quick-scripts/assets/scripts/Player.js:38:11)
    at Object.<anonymous> (/Users/calvin/Desktop/Emm/exercise/temp/quick-scripts/assets/scripts/Player.js:41:3)
2018-11-26T06:25:38.309Z - warn: Error: ipc timeout. message: scene:query-node, session: scene@renderer:37660
2018-11-26T07:59:59.462Z - failed: [db-task][sync-changes] Failed to import asset /Users/calvin/Desktop/Emm/exercise/assets/scripts/game/PlayGame.js, message: Compile error: SyntaxError: /Users/calvin/Desktop/Emm/exercise/assets/scripts/game/PlayGame.js: Unexpected token, expected ; (30:18)
  28 |     // LIFE-CYCLE CALLBACKS:
  29 |     creatPrefab(){
> 30 |         for(let i == 0 ; i < prefabs.length*2; i++){
     |                   ^
  31 |             var index = Math.floor((Math.random()*prefabs.length)); 
  32 |             console.log(prefabs[index])
  33 |         }
    at Parser.pp$5.raise (/Applications/CocosCreator.app/Contents/Resources/app.asar/node_modules/babylon/lib/index.js:4454:13)
    at Parser.pp.unexpected (/Applications/CocosCreator.app/Contents/Resources/app.asar/node_modules/babylon/lib/index.js:1761:8)
    at Parser.pp.expect (/Applications/CocosCreator.app/Contents/Resources/app.asar/node_modules/babylon/lib/index.js:1749:33)
    at Parser.pp$1.parseFor (/Applications/CocosCreator.app/Contents/Resources/app.asar/node_modules/babylon/lib/index.js:2301:8)
    at Parser.pp$1.parseForStatement (/Applications/CocosCreator.app/Contents/Resources/app.asar/node_modules/babylon/lib/index.js:2032:17)
    at Parser.pp$1.parseStatement (/Applications/CocosCreator.app/Contents/Resources/app.asar/node_modules/babylon/lib/index.js:1836:19)
    at Parser.pp$1.parseBlockBody (/Applications/CocosCreator.app/Contents/Resources/app.asar/node_modules/babylon/lib/index.js:2268:21)
    at Parser.pp$1.parseBlock (/Applications/CocosCreator.app/Contents/Resources/app.asar/node_modules/babylon/lib/index.js:2247:8)
    at Parser.pp$3.parseFunctionBody (/Applications/CocosCreator.app/Contents/Resources/app.asar/node_modules/babylon/lib/index.js:4235:22)
    at Parser.pp$3.parseMethod (/Applications/CocosCreator.app/Contents/Resources/app.asar/node_modules/babylon/lib/index.js:4180:8)
2018-11-27T00:58:19.901Z - failed: load script [/Users/calvin/Desktop/Emm/exercise/temp/quick-scripts/assets/scripts/services/userService.js] failed : ReferenceError: urlConstant is not defined
    at __define (/Users/calvin/Desktop/Emm/exercise/temp/quick-scripts/assets/scripts/services/userService.js:7:13)
    at /Users/calvin/Desktop/Emm/exercise/temp/quick-scripts/assets/scripts/services/userService.js:12:13
    at Object.<anonymous> (/Users/calvin/Desktop/Emm/exercise/temp/quick-scripts/assets/scripts/services/userService.js:19:11)
    at Object.<anonymous> (/Users/calvin/Desktop/Emm/exercise/temp/quick-scripts/assets/scripts/services/userService.js:22:3)
    at Module._compile (module.js:571:32)
    at Object.Module._extensions..js (module.js:580:10)
    at Module.load (module.js:488:32)
    at tryModuleLoad (module.js:447:12)
    at Function.Module._load (module.js:439:3)
    at Module.require (module.js:498:17)
2018-11-27T01:09:00.238Z - error: TypeError: require is not a function
    at disable-commonjs:///Users/calvin/Desktop/Emm/exercise/assets/scripts/services/userService.js?001:1:81
    at disable-commonjs:///Users/calvin/Desktop/Emm/exercise/assets/scripts/services/userService.js?001:26:3
2018-11-27T01:10:02.253Z - error: TypeError: require is not a function
    at disable-commonjs:///Users/calvin/Desktop/Emm/exercise/assets/scripts/services/userService.js?002:1:81
    at disable-commonjs:///Users/calvin/Desktop/Emm/exercise/assets/scripts/services/userService.js?002:26:3
2018-11-27T01:49:22.952Z - warn: Error: ipc timeout. message: scene:query-node, session: scene@renderer:300114
2018-11-27T01:49:27.393Z - warn: Error: ipc timeout. message: scene:query-node, session: scene@renderer:300119
2018-11-27T01:53:25.128Z - failed: [db-task][sync-changes] Failed to import asset /Users/calvin/Desktop/Emm/exercise/assets/scripts/game/PlayGame.js, message: Compile error: SyntaxError: /Users/calvin/Desktop/Emm/exercise/assets/scripts/game/PlayGame.js: Unexpected token, expected , (27:8)
  25 |             type: cc.Label,
  26 |         }
> 27 |         player: {
     |         ^
  28 |             default: null,
  29 |             type: cc.Node,
  30 |         }
    at Parser.pp$5.raise (/Applications/CocosCreator.app/Contents/Resources/app.asar/node_modules/babylon/lib/index.js:4454:13)
    at Parser.pp.unexpected (/Applications/CocosCreator.app/Contents/Resources/app.asar/node_modules/babylon/lib/index.js:1761:8)
    at Parser.pp.expect (/Applications/CocosCreator.app/Contents/Resources/app.asar/node_modules/babylon/lib/index.js:1749:33)
    at Parser.pp$3.parseObj (/Applications/CocosCreator.app/Contents/Resources/app.asar/node_modules/babylon/lib/index.js:3978:12)
    at Parser.pp$3.parseExprAtom (/Applications/CocosCreator.app/Contents/Resources/app.asar/node_modules/babylon/lib/index.js:3719:19)
    at Parser.pp$3.parseExprSubscripts (/Applications/CocosCreator.app/Contents/Resources/app.asar/node_modules/babylon/lib/index.js:3494:19)
    at Parser.pp$3.parseMaybeUnary (/Applications/CocosCreator.app/Contents/Resources/app.asar/node_modules/babylon/lib/index.js:3474:19)
    at Parser.pp$3.parseExprOps (/Applications/CocosCreator.app/Contents/Resources/app.asar/node_modules/babylon/lib/index.js:3404:19)
    at Parser.pp$3.parseMaybeConditional (/Applications/CocosCreator.app/Contents/Resources/app.asar/node_modules/babylon/lib/index.js:3381:19)
    at Parser.pp$3.parseMaybeAssign (/Applications/CocosCreator.app/Contents/Resources/app.asar/node_modules/babylon/lib/index.js:3344:19)
2018-11-27T02:23:34.845Z - warn: Error: ipc timeout. message: scene:query-node, session: scene@renderer:326916
2018-11-27T03:03:08.922Z - warn: Error: ipc timeout. message: scene:query-node, session: scene@renderer:366132
2018-11-27T03:21:09.498Z - warn: The Asset used by node "Main Camera" in scene "Loading.fire" is missing. Detailed information:
Node path: "LoadingCanvas/Main Camera"
Asset url: "db://assets/Loading.fire"
Missing uuid: "dab0058a-4242-4dd0-bf95-e0f5401cfe13"

2018-11-27T03:21:09.501Z - warn: The Asset used by node "bar" in scene "Loading.fire" is missing. Detailed information:
Node path: "LoadingCanvas/Loading/LoadingBar/bar"
Asset url: "db://assets/Loading.fire"
Missing uuid: "dab0058a-4242-4dd0-bf95-e0f5401cfe13"

2018-11-27T03:21:09.502Z - warn: The Asset used by node "LoadingBar" in scene "Loading.fire" is missing. Detailed information:
Node path: "LoadingCanvas/Loading/LoadingBar"
Asset url: "db://assets/Loading.fire"
Missing uuid: "dab0058a-4242-4dd0-bf95-e0f5401cfe13"

2018-11-27T03:21:09.504Z - warn: The Asset used by node "Words" in scene "Loading.fire" is missing. Detailed information:
Node path: "LoadingCanvas/Loading/Words"
Asset url: "db://assets/Loading.fire"
Missing uuid: "dab0058a-4242-4dd0-bf95-e0f5401cfe13"

2018-11-27T03:21:09.506Z - warn: The Asset used by node "Loading" in scene "Loading.fire" is missing. Detailed information:
Node path: "LoadingCanvas/Loading"
Asset url: "db://assets/Loading.fire"
Missing uuid: "dab0058a-4242-4dd0-bf95-e0f5401cfe13"

2018-11-27T03:21:09.507Z - warn: The Asset used by node "LoadingCanvas" in scene "Loading.fire" is missing. Detailed information:
Node path: "LoadingCanvas"
Asset url: "db://assets/Loading.fire"
Missing uuid: "dab0058a-4242-4dd0-bf95-e0f5401cfe13"

2018-11-27T07:46:07.103Z - warn: Error: ipc timeout. message: scene:query-node, session: scene@renderer:540086
2018-11-27T07:47:08.565Z - warn: Error: ipc timeout. message: scene:query-node, session: scene@renderer:540395
2018-11-27T07:47:25.307Z - failed: [db-task][sync-changes] Failed to import asset /Users/calvin/Desktop/Emm/exercise/assets/scripts/game/PlayGame.js, message: Compile error: SyntaxError: /Users/calvin/Desktop/Emm/exercise/assets/scripts/game/PlayGame.js: Unexpected token (64:11)
  62 |     },
  63 |     movePrefab(dt){
> 64 |         if()
     |            ^
  65 |         prefabs.forEach((v,i)=>{
  66 |             let target = cc.find(v, this.node);
  67 |             if(target){
    at Parser.pp$5.raise (/Applications/CocosCreator.app/Contents/Resources/app.asar/node_modules/babylon/lib/index.js:4454:13)
    at Parser.pp.unexpected (/Applications/CocosCreator.app/Contents/Resources/app.asar/node_modules/babylon/lib/index.js:1761:8)
    at Parser.pp$3.parseExprAtom (/Applications/CocosCreator.app/Contents/Resources/app.asar/node_modules/babylon/lib/index.js:3750:12)
    at Parser.pp$3.parseExprSubscripts (/Applications/CocosCreator.app/Contents/Resources/app.asar/node_modules/babylon/lib/index.js:3494:19)
    at Parser.pp$3.parseMaybeUnary (/Applications/CocosCreator.app/Contents/Resources/app.asar/node_modules/babylon/lib/index.js:3474:19)
    at Parser.pp$3.parseExprOps (/Applications/CocosCreator.app/Contents/Resources/app.asar/node_modules/babylon/lib/index.js:3404:19)
    at Parser.pp$3.parseMaybeConditional (/Applications/CocosCreator.app/Contents/Resources/app.asar/node_modules/babylon/lib/index.js:3381:19)
    at Parser.pp$3.parseMaybeAssign (/Applications/CocosCreator.app/Contents/Resources/app.asar/node_modules/babylon/lib/index.js:3344:19)
    at Parser.pp$3.parseExpression (/Applications/CocosCreator.app/Contents/Resources/app.asar/node_modules/babylon/lib/index.js:3306:19)
    at Parser.pp$3.parseParenExpression (/Applications/CocosCreator.app/Contents/Resources/app.asar/node_modules/babylon/lib/index.js:3789:18)
2018-11-27T07:56:29.316Z - warn: Error: ipc timeout. message: scene:query-node, session: scene@renderer:545236
2018-11-27T07:56:29.330Z - warn: Error: ipc timeout. message: scene:query-node, session: scene@renderer:545242
2018-11-27T07:56:29.332Z - warn: Error: ipc timeout. message: scene:query-node, session: scene@renderer:545243
2018-11-27T07:56:29.333Z - warn: Error: ipc timeout. message: scene:query-node, session: scene@renderer:545244
2018-11-27T07:57:24.523Z - warn: Error: ipc timeout. message: scene:query-node, session: scene@renderer:545585
2018-11-27T07:57:24.774Z - warn: Error: ipc timeout. message: scene:query-node, session: scene@renderer:545591
2018-11-27T07:57:24.775Z - warn: Error: ipc timeout. message: scene:query-node, session: scene@renderer:545592
2018-11-27T08:12:03.889Z - warn: Error: ipc timeout. message: scene:query-node, session: scene@renderer:553540
2018-11-27T08:12:03.977Z - warn: Error: ipc timeout. message: scene:query-node, session: scene@renderer:553546
2018-11-27T08:12:03.981Z - warn: Error: ipc timeout. message: scene:query-node, session: scene@renderer:553547
2018-11-27T08:12:03.982Z - warn: Error: ipc timeout. message: scene:query-node, session: scene@renderer:553548
2018-11-27T08:12:03.992Z - warn: Error: ipc timeout. message: scene:query-node, session: scene@renderer:553549
2018-11-27T08:12:04.028Z - warn: Error: ipc timeout. message: scene:query-node, session: scene@renderer:553550
2018-11-27T08:12:04.029Z - warn: Error: ipc timeout. message: scene:query-node, session: scene@renderer:553551
2018-11-27T08:12:04.030Z - warn: Error: ipc timeout. message: scene:query-node, session: scene@renderer:553552
2018-11-27T08:12:04.030Z - warn: Error: ipc timeout. message: scene:query-node, session: scene@renderer:553553
2018-11-27T08:12:04.048Z - warn: Error: ipc timeout. message: scene:query-node, session: scene@renderer:553554
2018-11-27T08:12:04.051Z - warn: Error: ipc timeout. message: scene:query-node, session: scene@renderer:553555
2018-11-27T08:12:04.054Z - warn: Error: ipc timeout. message: scene:query-node, session: scene@renderer:553556
2018-11-27T08:12:04.057Z - warn: Error: ipc timeout. message: scene:query-node, session: scene@renderer:553557
2018-11-27T08:12:04.058Z - warn: Error: ipc timeout. message: scene:query-node, session: scene@renderer:553558
2018-11-27T08:12:04.060Z - warn: Error: ipc timeout. message: scene:query-node, session: scene@renderer:553559
2018-11-27T08:12:04.061Z - warn: Error: ipc timeout. message: scene:query-node, session: scene@renderer:553560
2018-11-27T08:12:04.062Z - warn: Error: ipc timeout. message: scene:query-node, session: scene@renderer:553561
2018-11-27T08:12:04.063Z - warn: Error: ipc timeout. message: scene:query-node, session: scene@renderer:553562
2018-11-27T08:12:04.064Z - warn: Error: ipc timeout. message: scene:query-node, session: scene@renderer:553563
2018-11-27T08:12:04.064Z - warn: Error: ipc timeout. message: scene:query-node, session: scene@renderer:553564
2018-11-27T08:12:04.065Z - warn: Error: ipc timeout. message: scene:query-node, session: scene@renderer:553565
2018-11-27T08:12:04.066Z - warn: Error: ipc timeout. message: scene:query-node, session: scene@renderer:553566
2018-11-27T08:12:04.089Z - warn: Error: ipc timeout. message: scene:query-node, session: scene@renderer:553567
2018-11-27T08:12:04.089Z - warn: Error: ipc timeout. message: scene:query-node, session: scene@renderer:553568
2018-11-27T08:12:04.090Z - warn: Error: ipc timeout. message: scene:query-node, session: scene@renderer:553569
2018-11-27T08:12:04.091Z - warn: Error: ipc timeout. message: scene:query-node, session: scene@renderer:553570
2018-11-27T08:12:04.092Z - warn: Error: ipc timeout. message: scene:query-node, session: scene@renderer:553571
2018-11-27T08:12:04.093Z - warn: Error: ipc timeout. message: scene:query-node, session: scene@renderer:553572
2018-11-27T08:12:04.093Z - warn: Error: ipc timeout. message: scene:query-node, session: scene@renderer:553573
2018-11-27T08:12:04.094Z - warn: Error: ipc timeout. message: scene:query-node, session: scene@renderer:553574
2018-11-27T08:12:04.095Z - warn: Error: ipc timeout. message: scene:query-node, session: scene@renderer:553575
2018-11-27T08:12:04.115Z - warn: Error: ipc timeout. message: scene:query-node, session: scene@renderer:553576
2018-11-27T08:12:04.116Z - warn: Error: ipc timeout. message: scene:query-node, session: scene@renderer:553577
2018-11-27T08:12:04.117Z - warn: Error: ipc timeout. message: scene:query-node, session: scene@renderer:553578
2018-11-27T08:12:04.123Z - warn: Error: ipc timeout. message: scene:query-node, session: scene@renderer:553579
2018-11-27T08:14:23.523Z - warn: Error: ipc timeout. message: scene:query-node, session: scene@renderer:553906
2018-11-27T08:14:23.767Z - warn: Error: ipc timeout. message: scene:query-node, session: scene@renderer:553912
2018-11-27T08:14:23.767Z - warn: Error: ipc timeout. message: scene:query-node, session: scene@renderer:553913
2018-11-27T08:14:23.768Z - warn: Error: ipc timeout. message: scene:query-node, session: scene@renderer:553914
2018-11-27T08:14:23.769Z - warn: Error: ipc timeout. message: scene:query-node, session: scene@renderer:553915
2018-11-27T08:14:23.770Z - warn: Error: ipc timeout. message: scene:query-node, session: scene@renderer:553916
2018-11-27T08:14:23.771Z - warn: Error: ipc timeout. message: scene:query-node, session: scene@renderer:553917
2018-11-27T08:14:23.773Z - warn: Error: ipc timeout. message: scene:query-node, session: scene@renderer:553918
2018-11-27T08:14:23.774Z - warn: Error: ipc timeout. message: scene:query-node, session: scene@renderer:553919
2018-11-27T08:14:23.778Z - warn: Error: ipc timeout. message: scene:query-node, session: scene@renderer:553920
2018-11-27T08:14:23.814Z - warn: Error: ipc timeout. message: scene:query-node, session: scene@renderer:553921
2018-11-27T08:15:38.420Z - warn: Error: ipc timeout. message: scene:query-node, session: scene@renderer:554256
2018-11-27T08:15:38.426Z - warn: Error: ipc timeout. message: scene:query-node, session: scene@renderer:554262
2018-11-27T08:17:27.321Z - warn: Error: ipc timeout. message: scene:query-node, session: scene@renderer:555029
2018-11-27T08:19:02.031Z - warn: Error: ipc timeout. message: scene:query-node, session: scene@renderer:555496
2018-11-27T08:25:35.833Z - warn: Script attached to "stone" in prefab "stone.prefab" is missing or invalid. Detailed information:
Node path: "stone"
Asset url: "db://assets/stone.prefab"
Script UUID: "9b5eff23-4f99-4d09-8eaf-15ad5495ebba"
Class ID: "9b5ef8jT5lNCY6vFa1Uleu6"

2018-11-27T08:26:16.564Z - warn: Script attached to "stone" in prefab "stone.prefab" is missing or invalid. Detailed information:
Node path: "stone"
Asset url: "db://assets/stone.prefab"
Script UUID: "9b5eff23-4f99-4d09-8eaf-15ad5495ebba"
Class ID: "9b5ef8jT5lNCY6vFa1Uleu6"

2018-11-27T08:26:30.301Z - warn: Script attached to "stone" in prefab "stone.prefab" is missing or invalid. Detailed information:
Node path: "stone"
Asset url: "db://assets/stone.prefab"
Script UUID: "9b5eff23-4f99-4d09-8eaf-15ad5495ebba"
Class ID: "9b5ef8jT5lNCY6vFa1Uleu6"

2018-11-27T08:27:02.604Z - warn: Script attached to "stone" in prefab "stone.prefab" is missing or invalid. Detailed information:
Node path: "stone"
Asset url: "db://assets/stone.prefab"
Script UUID: "9b5eff23-4f99-4d09-8eaf-15ad5495ebba"
Class ID: "9b5ef8jT5lNCY6vFa1Uleu6"

2018-11-27T08:27:21.047Z - warn: Script attached to "stone" in prefab "stone.prefab" is missing or invalid. Detailed information:
Node path: "stone"
Asset url: "db://assets/stone.prefab"
Script UUID: "9b5eff23-4f99-4d09-8eaf-15ad5495ebba"
Class ID: "9b5ef8jT5lNCY6vFa1Uleu6"

2018-11-27T08:28:17.735Z - warn: Script attached to "stone" in prefab "stone.prefab" is missing or invalid. Detailed information:
Node path: "stone"
Asset url: "db://assets/stone.prefab"
Script UUID: "9b5eff23-4f99-4d09-8eaf-15ad5495ebba"
Class ID: "9b5ef8jT5lNCY6vFa1Uleu6"

2018-11-27T08:28:40.435Z - warn: Script attached to "stone" in prefab "stone.prefab" is missing or invalid. Detailed information:
Node path: "stone"
Asset url: "db://assets/stone.prefab"
Script UUID: "9b5eff23-4f99-4d09-8eaf-15ad5495ebba"
Class ID: "9b5ef8jT5lNCY6vFa1Uleu6"

2018-11-27T08:29:54.672Z - warn: Script attached to "stone" in prefab "stone.prefab" is missing or invalid. Detailed information:
Node path: "stone"
Asset url: "db://assets/stone.prefab"
Script UUID: "9b5eff23-4f99-4d09-8eaf-15ad5495ebba"
Class ID: "9b5ef8jT5lNCY6vFa1Uleu6"

2018-11-27T08:31:26.030Z - warn: Error: ipc timeout. message: scene:query-node, session: scene@renderer:564278
2018-11-27T08:31:26.040Z - warn: Error: ipc timeout. message: scene:query-node, session: scene@renderer:564284
2018-11-27T08:31:57.550Z - warn: Error: ipc timeout. message: scene:query-node, session: scene@renderer:564740
2018-11-27T08:32:32.643Z - error: Failed to apply "master" because the prefab asset is missing, please save the prefab to a new asset by dragging and drop the node from Node Tree into Assets.
    at Object.applyPrefab (/Applications/CocosCreator.app/Contents/Resources/app.asar/editor/page/scene-utils/index.js:1:5783)
    at Object.save (/Applications/CocosCreator.app/Contents/Resources/app.asar/editor/page/scene-utils/edit-mode/modes/prefab.js:1:2317)
    at Object.close (/Applications/CocosCreator.app/Contents/Resources/app.asar/editor/page/scene-utils/edit-mode/modes/prefab.js:1:1772)
    at Object.run (/Applications/CocosCreator.app/Contents/Resources/app.asar/editor/page/scene-utils/edit-mode/index.js:1:817)
    at _queue.s.queue (/Applications/CocosCreator.app/Contents/Resources/app.asar/editor/page/scene-utils/lib/tasks.js:1:539)
    at /Applications/CocosCreator.app/Contents/Resources/app.asar/node_modules/async/lib/async.js:987:13
    at Immediate.process (/Applications/CocosCreator.app/Contents/Resources/app.asar/node_modules/async/lib/async.js:953:21)
    at runCallback (timers.js:672:20)
    at tryOnImmediate (timers.js:645:5)
2018-11-27T08:32:33.361Z - warn: The Asset used by component "PlayGame" in scene "Games.fire" is missing. Detailed information:
Node path: "Games"
Asset url: "db://assets/Games.fire"
Missing uuid: "041a84d3-30ab-4c03-b743-affd0e0033c7"

2018-11-27T08:33:00.881Z - warn: Error: ipc timeout. message: scene:query-node, session: scene@renderer:565730
2018-11-27T08:34:29.034Z - warn: Error: ipc timeout. message: scene:query-node, session: scene@renderer:567665
2018-11-27T09:11:57.225Z - warn: The Asset used by component "PlayGame" in scene "Games.fire" is missing. Detailed information:
Node path: "Games"
Asset url: "db://assets/Games.fire"
Missing uuid: "04a6ad32-0b37-4dd7-a061-ced2640e5f01"

2018-11-27T09:15:22.603Z - warn: The Asset used by component "PlayGame" in scene "Games.fire" is missing. Detailed information:
Node path: "Games"
Asset url: "db://assets/Games.fire"
Missing uuid: "04a6ad32-0b37-4dd7-a061-ced2640e5f01"

2018-11-27T09:15:41.334Z - info: Path: Games, UUID: 39rjt0xexIpbJfBnhbuUnw
2018-11-27T09:17:03.659Z - warn: The Asset used by component "PlayGame" in scene "Games.fire" is missing. Detailed information:
Node path: "Games"
Asset url: "db://assets/Games.fire"
Missing uuid: "04a6ad32-0b37-4dd7-a061-ced2640e5f01"

2018-11-27T09:17:33.109Z - warn: The Asset used by component "PlayGame" in scene "Games.fire" is missing. Detailed information:
Node path: "Games"
Asset url: "db://assets/Games.fire"
Missing uuid: "04a6ad32-0b37-4dd7-a061-ced2640e5f01"

2018-11-27T09:18:05.779Z - warn: The Asset used by component "PlayGame" in scene "Games.fire" is missing. Detailed information:
Node path: "Games"
Asset url: "db://assets/Games.fire"
Missing uuid: "04a6ad32-0b37-4dd7-a061-ced2640e5f01"

2018-11-27T09:19:44.460Z - warn: The Asset used by component "PlayGame" in scene "Games.fire" is missing. Detailed information:
Node path: "Games"
Asset url: "db://assets/Games.fire"
Missing uuid: "04a6ad32-0b37-4dd7-a061-ced2640e5f01"

2018-11-27T09:20:21.985Z - warn: The Asset used by component "PlayGame" in scene "Games.fire" is missing. Detailed information:
Node path: "Games"
Asset url: "db://assets/Games.fire"
Missing uuid: "04a6ad32-0b37-4dd7-a061-ced2640e5f01"

2018-11-27T09:21:02.199Z - warn: The Asset used by component "PlayGame" in scene "Games.fire" is missing. Detailed information:
Node path: "Games"
Asset url: "db://assets/Games.fire"
Missing uuid: "04a6ad32-0b37-4dd7-a061-ced2640e5f01"

2018-11-27T09:52:14.044Z - error: unknown color: ##F0C965
    at window.onerror (file:///Applications/CocosCreator.app/Contents/Resources/app.asar/editor/page/app-main.js:1:1560)
    at Object.e.fire (/Applications/CocosCreator.app/Contents/Resources/app.asar/editor-framework/lib/renderer/ui/utils/dom-utils.js:1:1797)
    at HTMLElement._onInputConfirm (/Applications/CocosCreator.app/Contents/Resources/app.asar/editor-framework/lib/renderer/ui/elements/input.js:1:2822)
    at HTMLInputElement.n.addEventListener.t (/Applications/CocosCreator.app/Contents/Resources/app.asar/editor-framework/lib/renderer/ui/behaviors/input-state.js:1:906)
2018-11-27T15:04:27.356Z - failed: [db-task][sync-changes] Failed to import asset /Users/calvin/Desktop/Emm/exercise/assets/scripts/Log.js, message: Compile error: SyntaxError: /Users/calvin/Desktop/Emm/exercise/assets/scripts/Log.js: Unexpected token (24:23)
  22 |         header.height = 40;
  23 |         header.y = login.height/2;
> 24 |         console.log(cc.)
     |                        ^
  25 |         // login.width = this.node.width;
  26 |         // login.height = this.node.height;
  27 |         // this.loginscroll.url = 'http://frontend.snap.moregoldtech.com/login';
    at Parser.pp$5.raise (/Applications/CocosCreator.app/Contents/Resources/app.asar/node_modules/babylon/lib/index.js:4454:13)
    at Parser.pp.unexpected (/Applications/CocosCreator.app/Contents/Resources/app.asar/node_modules/babylon/lib/index.js:1761:8)
    at Parser.pp$3.parseIdentifier (/Applications/CocosCreator.app/Contents/Resources/app.asar/node_modules/babylon/lib/index.js:4332:10)
    at Parser.pp$3.parseSubscripts (/Applications/CocosCreator.app/Contents/Resources/app.asar/node_modules/babylon/lib/index.js:3517:30)
    at Parser.pp$3.parseExprSubscripts (/Applications/CocosCreator.app/Contents/Resources/app.asar/node_modules/babylon/lib/index.js:3504:15)
    at Parser.pp$3.parseMaybeUnary (/Applications/CocosCreator.app/Contents/Resources/app.asar/node_modules/babylon/lib/index.js:3474:19)
    at Parser.pp$3.parseExprOps (/Applications/CocosCreator.app/Contents/Resources/app.asar/node_modules/babylon/lib/index.js:3404:19)
    at Parser.pp$3.parseMaybeConditional (/Applications/CocosCreator.app/Contents/Resources/app.asar/node_modules/babylon/lib/index.js:3381:19)
    at Parser.pp$3.parseMaybeAssign (/Applications/CocosCreator.app/Contents/Resources/app.asar/node_modules/babylon/lib/index.js:3344:19)
    at Parser.pp$3.parseExprListItem (/Applications/CocosCreator.app/Contents/Resources/app.asar/node_modules/babylon/lib/index.js:4312:16)
2018-11-28T03:18:01.535Z - warn: Error: ipc timeout. message: scene:query-node, session: scene@renderer:963805
2018-11-28T07:23:49.863Z - warn: Error: ipc timeout. message: scene:query-node, session: scene@renderer:1125686
2018-11-28T07:26:26.016Z - warn: Error: ipc timeout. message: scene:query-node, session: scene@renderer:1129567
2018-11-28T08:40:38.199Z - warn: [object Object]
2018-11-28T08:42:38.941Z - warn: Error: ipc timeout. message: scene:query-node, session: scene@renderer:1192634
2018-11-28T09:35:22.524Z - error: Node name can not include '/'.
    at Object.cc.errorID (/Applications/CocosCreator.app/Contents/Resources/engine/bin/.cache/dev/cocos2d/core/CCDebug.js:167:16)
    at cc_Node.set (/Applications/CocosCreator.app/Contents/Resources/engine/bin/.cache/dev/cocos2d/core/utils/base-node.js:124:32)
    at d (/Applications/CocosCreator.app/Contents/Resources/app.asar/editor/page/scene-utils/set-property-by-path.js:1:3858)
    at Object.b [as setPropertyByPath] (/Applications/CocosCreator.app/Contents/Resources/app.asar/editor/page/scene-utils/set-property-by-path.js:1:4942)
    at Object.setProperty (/Applications/CocosCreator.app/Contents/Resources/app.asar/editor/page/scene-utils/utils/scene.js:1:8163)
    at HTMLElement.set-property (/Applications/CocosCreator.app/Contents/Resources/app.asar/editor/builtin/scene/panel/messages/scene-operation.js:1:778)
    at Object.e._dispatch (/Applications/CocosCreator.app/Contents/Resources/app.asar/editor-framework/lib/renderer/panel.js:1:1941)
    at EventEmitter.o.on.s (/Applications/CocosCreator.app/Contents/Resources/app.asar/editor-framework/lib/renderer/ipc.js:1:2917)
    at emitMany (events.js:127:13)
2018-11-28T09:35:22.831Z - error: Node name can not include '/'.
    at Object.cc.errorID (/Applications/CocosCreator.app/Contents/Resources/engine/bin/.cache/dev/cocos2d/core/CCDebug.js:167:16)
    at cc_Node.set (/Applications/CocosCreator.app/Contents/Resources/engine/bin/.cache/dev/cocos2d/core/utils/base-node.js:124:32)
    at d (/Applications/CocosCreator.app/Contents/Resources/app.asar/editor/page/scene-utils/set-property-by-path.js:1:3858)
    at Object.b [as setPropertyByPath] (/Applications/CocosCreator.app/Contents/Resources/app.asar/editor/page/scene-utils/set-property-by-path.js:1:4942)
    at Object.setProperty (/Applications/CocosCreator.app/Contents/Resources/app.asar/editor/page/scene-utils/utils/scene.js:1:8163)
    at HTMLElement.set-property (/Applications/CocosCreator.app/Contents/Resources/app.asar/editor/builtin/scene/panel/messages/scene-operation.js:1:778)
    at Object.e._dispatch (/Applications/CocosCreator.app/Contents/Resources/app.asar/editor-framework/lib/renderer/panel.js:1:1941)
    at EventEmitter.o.on.s (/Applications/CocosCreator.app/Contents/Resources/app.asar/editor-framework/lib/renderer/ipc.js:1:2917)
    at emitMany (events.js:127:13)
2018-11-29T01:41:55.743Z - error: Can not declare Game.isPlay method, it is already defined in the properties of Game.
    at Object.cc.errorID (/Applications/CocosCreator.app/Contents/Resources/engine/bin/.cache/dev/cocos2d/core/CCDebug.js:167:16)
    at Object.exports.doValidateMethodWithProps_DEV (/Applications/CocosCreator.app/Contents/Resources/engine/bin/.cache/dev/cocos2d/core/platform/preprocess-class.js:245:24)
    at Object.exports.validateMethodWithProps (/Applications/CocosCreator.app/Contents/Resources/engine/bin/.cache/dev/cocos2d/core/platform/preprocess-class.js:260:26)
    at Object.CCClass [as Class] (/Applications/CocosCreator.app/Contents/Resources/engine/bin/.cache/dev/cocos2d/core/platform/CCClass.js:706:33)
    at __define (/Users/calvin/Desktop/Emm/exercise/temp/quick-scripts/assets/scripts/game/Game.js:7:4)
    at /Users/calvin/Desktop/Emm/exercise/temp/quick-scripts/assets/scripts/game/Game.js:122:13
    at Object.<anonymous> (/Users/calvin/Desktop/Emm/exercise/temp/quick-scripts/assets/scripts/game/Game.js:129:11)
    at Object.<anonymous> (/Users/calvin/Desktop/Emm/exercise/temp/quick-scripts/assets/scripts/game/Game.js:132:3)
    at Module._compile (module.js:571:32)
2018-11-29T02:08:17.797Z - failed: [db-task][sync-changes] Failed to import asset /Users/calvin/Desktop/Emm/exercise/assets/scripts/Global.js, message: Compile error: SyntaxError: /Users/calvin/Desktop/Emm/exercise/assets/scripts/Global.js: Unexpected token, expected , (2:14)
  1 | window.Global = {
> 2 | 	isplay: false;
    | 	             ^
  3 | };
    at Parser.pp$5.raise (/Applications/CocosCreator.app/Contents/Resources/app.asar/node_modules/babylon/lib/index.js:4454:13)
    at Parser.pp.unexpected (/Applications/CocosCreator.app/Contents/Resources/app.asar/node_modules/babylon/lib/index.js:1761:8)
    at Parser.pp.expect (/Applications/CocosCreator.app/Contents/Resources/app.asar/node_modules/babylon/lib/index.js:1749:33)
    at Parser.pp$3.parseObj (/Applications/CocosCreator.app/Contents/Resources/app.asar/node_modules/babylon/lib/index.js:3978:12)
    at Parser.pp$3.parseExprAtom (/Applications/CocosCreator.app/Contents/Resources/app.asar/node_modules/babylon/lib/index.js:3719:19)
    at Parser.pp$3.parseExprSubscripts (/Applications/CocosCreator.app/Contents/Resources/app.asar/node_modules/babylon/lib/index.js:3494:19)
    at Parser.pp$3.parseMaybeUnary (/Applications/CocosCreator.app/Contents/Resources/app.asar/node_modules/babylon/lib/index.js:3474:19)
    at Parser.pp$3.parseExprOps (/Applications/CocosCreator.app/Contents/Resources/app.asar/node_modules/babylon/lib/index.js:3404:19)
    at Parser.pp$3.parseMaybeConditional (/Applications/CocosCreator.app/Contents/Resources/app.asar/node_modules/babylon/lib/index.js:3381:19)
    at Parser.pp$3.parseMaybeAssign (/Applications/CocosCreator.app/Contents/Resources/app.asar/node_modules/babylon/lib/index.js:3344:19)
2018-11-29T02:31:31.715Z - failed: [db-task][sync-changes] Failed to import asset /Users/calvin/Desktop/Emm/exercise/assets/scripts/game/Game.js, message: Compile error: SyntaxError: /Users/calvin/Desktop/Emm/exercise/assets/scripts/game/Game.js: Unexpected token (100:5)
   98 |         // }
   99 |         // status.string = window.Global.gameIsPlay?'Pause':'Play';
> 100 |     },
      |      ^
  101 |     init(){
  102 |         this.scoreFlag = 0;
  103 |         window.Global.gameIsPlay = false;
    at Parser.pp$5.raise (/Applications/CocosCreator.app/Contents/Resources/app.asar/node_modules/babylon/lib/index.js:4454:13)
    at Parser.pp.unexpected (/Applications/CocosCreator.app/Contents/Resources/app.asar/node_modules/babylon/lib/index.js:1761:8)
    at Parser.pp$3.parseExprAtom (/Applications/CocosCreator.app/Contents/Resources/app.asar/node_modules/babylon/lib/index.js:3750:12)
    at Parser.pp$3.parseExprSubscripts (/Applications/CocosCreator.app/Contents/Resources/app.asar/node_modules/babylon/lib/index.js:3494:19)
    at Parser.pp$3.parseMaybeUnary (/Applications/CocosCreator.app/Contents/Resources/app.asar/node_modules/babylon/lib/index.js:3474:19)
    at Parser.pp$3.parseExprOps (/Applications/CocosCreator.app/Contents/Resources/app.asar/node_modules/babylon/lib/index.js:3404:19)
    at Parser.pp$3.parseMaybeConditional (/Applications/CocosCreator.app/Contents/Resources/app.asar/node_modules/babylon/lib/index.js:3381:19)
    at Parser.pp$3.parseMaybeAssign (/Applications/CocosCreator.app/Contents/Resources/app.asar/node_modules/babylon/lib/index.js:3344:19)
    at Parser.pp$3.parseExpression (/Applications/CocosCreator.app/Contents/Resources/app.asar/node_modules/babylon/lib/index.js:3306:19)
    at Parser.pp$1.parseStatement (/Applications/CocosCreator.app/Contents/Resources/app.asar/node_modules/babylon/lib/index.js:1906:19)
2018-11-29T02:43:15.774Z - normal: connected!
2018-11-29T03:57:24.059Z - failed: [db-task][sync-changes] Failed to import asset /Users/calvin/Desktop/Emm/exercise/assets/scripts/game/Game.js, message: Compile error: SyntaxError: /Users/calvin/Desktop/Emm/exercise/assets/scripts/game/Game.js: Unexpected token, expected ; (109:12)
  107 |     },
  108 |     setBtnPosition(dt){
> 109 |         set button position while game is playing or paused
      |             ^
  110 |         let playbtn = cc.find('palyOrPause', this.node),
  111 |             // max_position_x = this.node.width/2 - playbtn.width/1.5,
  112 |             max_position_y = this.node.height/2 - playbtn.height/3;  
    at Parser.pp$5.raise (/Applications/CocosCreator.app/Contents/Resources/app.asar/node_modules/babylon/lib/index.js:4454:13)
    at Parser.pp.unexpected (/Applications/CocosCreator.app/Contents/Resources/app.asar/node_modules/babylon/lib/index.js:1761:8)
    at Parser.pp.semicolon (/Applications/CocosCreator.app/Contents/Resources/app.asar/node_modules/babylon/lib/index.js:1742:38)
    at Parser.pp$1.parseExpressionStatement (/Applications/CocosCreator.app/Contents/Resources/app.asar/node_modules/babylon/lib/index.js:2236:8)
    at Parser.pp$1.parseStatement (/Applications/CocosCreator.app/Contents/Resources/app.asar/node_modules/babylon/lib/index.js:1911:17)
    at Parser.pp$1.parseBlockBody (/Applications/CocosCreator.app/Contents/Resources/app.asar/node_modules/babylon/lib/index.js:2268:21)
    at Parser.pp$1.parseBlock (/Applications/CocosCreator.app/Contents/Resources/app.asar/node_modules/babylon/lib/index.js:2247:8)
    at Parser.pp$3.parseFunctionBody (/Applications/CocosCreator.app/Contents/Resources/app.asar/node_modules/babylon/lib/index.js:4235:22)
    at Parser.pp$3.parseMethod (/Applications/CocosCreator.app/Contents/Resources/app.asar/node_modules/babylon/lib/index.js:4180:8)
    at Parser.pp$3.parseObjectMethod (/Applications/CocosCreator.app/Contents/Resources/app.asar/node_modules/babylon/lib/index.js:4097:10)
